
Start time: 17/2/2023 7:28:11


>> G E N E R A L   P A R A M E T E R S <<


3D analysis
Mesh2HRTF 0.1.2
scattering coefficient Reference

Number of frequency steps ................... = 3

First step .................................. = 0
Number of steps ............................. = 3
Step increment .............................. = 1e-06
Highest allowable frequency .................. = 7396.02



>> B A S I C   P A R A M E T E R S   F O R   B E M <<

Number of element groups .................... = 2
Total number of elements .................... = 26114
Number of boundary elements ................. = 23668
Number of evaluation elements ............... = 2446
Maximum edge length of boundary elements .... = 0.0159318
Average edge length of boundary elements .... = 0.0104292
Minimum edge length of boundary elements .... = 0.00392957

Total number of nodes ....................... = 13061
Number of nodes of the boundary elements .... = 11836
Number of nodes of the evaluation elements .. = 1225

Number of symmetric planes .................. = 0

Number of incident plane waves .............. = 0
Number of incident spharic waves ............ = 1

Sound speed ................................. = 346.18
Density of the medium ....................... = 1.1839

Diameter of the BE-mesh ..................... = 1.13208

Minimum number of terms in the FMM expansion. = 8

Exterior domain problem

Harmonic time factor = EXP(-i*omega*t)

methodSolver_  = 0: CGS iterative solver
methodPreconditioner_ = 0: incomplete LU-decomposition preconditioner

 No.   Freq.   Lambda/L_BE_Mesh  Lambda/L_Element
  1    1250     0.244632           40.5094
  2    2500     0.122316           20.2547
  3    5000     0.061158           10.1273




>> S T E P   N U M B E R   A N D   F R E Q U E N C Y <<

Step 1, Frequency = 1250 Hz

Direct multilevel fast multipole BEM

Number of equations = 23668

Informations about clusters:
   Level    Num. of clusters    Maximum radius   Minimum radius
     0           77                0.0742633         0.0279451
     1          284                0.0441123         0.0267978
 resu. nets    1225                     0              0


Informations about the FMM expansion:
   Level    N. expa. terms    N. p. theta    N. p. phi    N. p. sphere
     0           8               8              16           128
     1           8               8              16           128

Nonzeros of the near field matrix ..................... = 23416848
Nonzeros of the T-matrix .............................. = 6059008
    Nonzeros of T_lev_0 ............................... = 3029504
    Nonzeros of T_lev_1 ............................... = 3029504
Nonzeros of the D-matrices ............................ = 1392128
    Nonzeros of D_lev_0 ............................... = 683520
    Nonzeros of D_lev_1 ............................... = 708608
Nonzeros of the S-matrix .............................. = 6059008
    Nonzeros of S_lev_0 ............................... = 3029504
    Nonzeros of S_lev_1 ............................... = 3029504
Sum of nonzeros of the FMBEM matrices ................. = 36926992

CGS solver: number of iterations = 24, relative error = 2.78929e-10

Time Statistic For The Current Step (In Second)

Assembling the equation system         : 60
Solving the equation system            : 12
Post processing                        : 2
Total                                  : 74



>> T I M E   S T A T I S T I C   (In   Second) <<

Input                                  : 0
Address computation                    : 0
Assembling the equation system         : 60
Solving the equation system            : 12
Post processing                        : 2
The whole job                          : 74

End time: 17/2/2023 7:29:25
