
Start time: 5/6/2025 13:34:25


>> G E N E R A L   P A R A M E T E R S <<


3D analysis
mesh2scattering 1.0.1
reference

Number of frequency steps ................... = 5

First step .................................. = 0
Number of steps ............................. = 5
Step increment .............................. = 1e-06
Highest allowable frequency .................. = 6367.73



>> B A S I C   P A R A M E T E R S   F O R   B E M <<

Number of element groups .................... = 2
Total number of elements .................... = 24648
Number of boundary elements ................. = 16460
Number of evaluation elements ............... = 8188
Maximum edge length of boundary elements .... = 0.017976
Average edge length of boundary elements .... = 0.0121134
Minimum edge length of boundary elements .... = 0.00618735

Total number of nodes ....................... = 12328
Number of nodes of the boundary elements .... = 8232
Number of nodes of the evaluation elements .. = 4096

Number of symmetric planes .................. = 0

Number of incident plane waves .............. = 1
Number of incident spharic waves ............ = 0

Sound speed ................................. = 346.18
Density of the medium ....................... = 1.1839

Diameter of the BE-mesh ..................... = 1.13142

Minimum number of terms in the FMM expansion. = 8

Exterior domain problem

Harmonic time factor = EXP(-i*omega*t)

methodSolver_  = 0: CGS iterative solver
methodPreconditioner_ = 0: incomplete LU-decomposition preconditioner

 No.   Freq.   Lambda/L_BE_Mesh  Lambda/L_Element
  1     500     0.611942           87.5135
  2    1000     0.305971           43.7568
  3    2000     0.152985           21.8784
  4    3000      0.10199           14.5856
  5    4000    0.0764927           10.9392




>> S T E P   N U M B E R   A N D   F R E Q U E N C Y <<

Step 5, Frequency = 4000 Hz

Direct multilevel fast multipole BEM

Number of equations = 16460

Informations about clusters:
   Level    Num. of clusters    Maximum radius   Minimum radius
     0           60                0.079496         0.0472832
     1          218                0.0478861         0.0284976
 resu. nets    4096                     0              0


Informations about the FMM expansion:
   Level    N. expa. terms    N. p. theta    N. p. phi    N. p. sphere
     0          14              14              28           392
     1           9               9              18           162

Nonzeros of the near field matrix ..................... = 11145328
Nonzeros of the T-matrix .............................. = 9118840
    Nonzeros of T_lev_0 ............................... = 6452320
    Nonzeros of T_lev_1 ............................... = 2666520
Nonzeros of the D-matrices ............................ = 1991476
    Nonzeros of D_lev_0 ............................... = 1235584
    Nonzeros of D_lev_1 ............................... = 755892
Nonzeros of the S-matrix .............................. = 9118840
    Nonzeros of S_lev_0 ............................... = 6452320
    Nonzeros of S_lev_1 ............................... = 2666520
Sum of nonzeros of the FMBEM matrices ................. = 31374484

CGS solver: number of iterations = 23, relative error = 2.23837e-10

Time Statistic For The Current Step (In Second)

Assembling the equation system         : 28
Solving the equation system            : 8
Post processing                        : 20
Total                                  : 56



>> T I M E   S T A T I S T I C   (In   Second) <<

Input                                  : 0
Address computation                    : 0
Assembling the equation system         : 28
Solving the equation system            : 8
Post processing                        : 20
The whole job                          : 56

End time: 5/6/2025 13:35:21
