
Start time: 17/2/2023 7:26:7


>> G E N E R A L   P A R A M E T E R S <<


3D analysis
Mesh2HRTF 0.1.2
scattering coefficient Sample

Number of frequency steps ................... = 3

First step .................................. = 0
Number of steps ............................. = 3
Step increment .............................. = 1e-06
Highest allowable frequency .................. = 7559.99



>> B A S I C   P A R A M E T E R S   F O R   B E M <<

Number of element groups .................... = 2
Total number of elements .................... = 29056
Number of boundary elements ................. = 26610
Number of evaluation elements ............... = 2446
Maximum edge length of boundary elements .... = 0.0162635
Average edge length of boundary elements .... = 0.010203
Minimum edge length of boundary elements .... = 0.00392958

Total number of nodes ....................... = 14532
Number of nodes of the boundary elements .... = 13307
Number of nodes of the evaluation elements .. = 1225

Number of symmetric planes .................. = 0

Number of incident plane waves .............. = 0
Number of incident spharic waves ............ = 1

Sound speed ................................. = 346.18
Density of the medium ....................... = 1.1839

Diameter of the BE-mesh ..................... = 1.13249

Minimum number of terms in the FMM expansion. = 8

Exterior domain problem

Harmonic time factor = EXP(-i*omega*t)

methodSolver_  = 0: CGS iterative solver
methodPreconditioner_ = 0: incomplete LU-decomposition preconditioner

 No.   Freq.   Lambda/L_BE_Mesh  Lambda/L_Element
  1    1250     0.244544           41.4058
  2    2500     0.122272           20.7029
  3    5000    0.0611359           10.3515




>> S T E P   N U M B E R   A N D   F R E Q U E N C Y <<

Step 2, Frequency = 2500 Hz

Direct multilevel fast multipole BEM

Number of equations = 26610

Informations about clusters:
   Level    Num. of clusters    Maximum radius   Minimum radius
     0           77                0.0735096         0.0289369
     1          284                0.0477238         0.0289369
 resu. nets    1225                     0              0


Informations about the FMM expansion:
   Level    N. expa. terms    N. p. theta    N. p. phi    N. p. sphere
     0           8               8              16           128
     1           8               8              16           128

Nonzeros of the near field matrix ..................... = 36941474
Nonzeros of the T-matrix .............................. = 6812160
    Nonzeros of T_lev_0 ............................... = 3406080
    Nonzeros of T_lev_1 ............................... = 3406080
Nonzeros of the D-matrices ............................ = 1284864
    Nonzeros of D_lev_0 ............................... = 683520
    Nonzeros of D_lev_1 ............................... = 601344
Nonzeros of the S-matrix .............................. = 6812160
    Nonzeros of S_lev_0 ............................... = 3406080
    Nonzeros of S_lev_1 ............................... = 3406080
Sum of nonzeros of the FMBEM matrices ................. = 51850658

CGS solver: number of iterations = 40, relative error = 9.01311e-10

Time Statistic For The Current Step (In Second)

Assembling the equation system         : 79
Solving the equation system            : 20
Post processing                        : 3
Total                                  : 102



>> T I M E   S T A T I S T I C   (In   Second) <<

Input                                  : 1
Address computation                    : 0
Assembling the equation system         : 79
Solving the equation system            : 20
Post processing                        : 3
The whole job                          : 103

End time: 17/2/2023 7:27:50
