
Start time: 3/3/2025 12:25:30


>> G E N E R A L   P A R A M E T E R S <<


3D analysis
mesh2scattering 0.1.4
sine

Number of frequency steps ................... = 4

First step .................................. = 0
Number of steps ............................. = 4
Step increment .............................. = 1e-06
Highest allowable frequency .................. = 6426.12



>> B A S I C   P A R A M E T E R S   F O R   B E M <<

Number of element groups .................... = 2
Total number of elements .................... = 26774
Number of boundary elements ................. = 18586
Number of evaluation elements ............... = 8188
Maximum edge length of boundary elements .... = 0.018966
Average edge length of boundary elements .... = 0.0120033
Minimum edge length of boundary elements .... = 0.00489691

Total number of nodes ....................... = 13391
Number of nodes of the boundary elements .... = 9295
Number of nodes of the evaluation elements .. = 4096

Number of symmetric planes .................. = 0

Number of incident plane waves .............. = 1
Number of incident spharic waves ............ = 0

Sound speed ................................. = 346.18
Density of the medium ....................... = 1.1839

Diameter of the BE-mesh ..................... = 1.13185

Minimum number of terms in the FMM expansion. = 8

Exterior domain problem

Harmonic time factor = EXP(-i*omega*t)

methodSolver_  = 0: CGS iterative solver
methodPreconditioner_ = 0: incomplete LU-decomposition preconditioner

 No.   Freq.   Lambda/L_BE_Mesh  Lambda/L_Element
  1    1000     0.305852           44.0107
  2    2000     0.152926           22.0053
  3    3000     0.101951           14.6702
  4    4000    0.0764631           11.0027




>> S T E P   N U M B E R   A N D   F R E Q U E N C Y <<

Step 2, Frequency = 2000 Hz

Direct multilevel fast multipole BEM

Number of equations = 18586

Informations about clusters:
   Level    Num. of clusters    Maximum radius   Minimum radius
     0           60                0.0795468         0.0453384
     1          216                0.0474056         0.0356681
 resu. nets    4096                     0              0


Informations about the FMM expansion:
   Level    N. expa. terms    N. p. theta    N. p. phi    N. p. sphere
     0           8               8              16           128
     1           8               8              16           128

Nonzeros of the near field matrix ..................... = 15129192
Nonzeros of the T-matrix .............................. = 4758016
    Nonzeros of T_lev_0 ............................... = 2379008
    Nonzeros of T_lev_1 ............................... = 2379008
Nonzeros of the D-matrices ............................ = 974592
    Nonzeros of D_lev_0 ............................... = 403456
    Nonzeros of D_lev_1 ............................... = 571136
Nonzeros of the S-matrix .............................. = 4758016
    Nonzeros of S_lev_0 ............................... = 2379008
    Nonzeros of S_lev_1 ............................... = 2379008
Sum of nonzeros of the FMBEM matrices ................. = 25619816

CGS solver: number of iterations = 43, relative error = 4.51989e-10

Time Statistic For The Current Step (In Second)

Assembling the equation system         : 21
Solving the equation system            : 6
Post processing                        : 4
Total                                  : 31



>> T I M E   S T A T I S T I C   (In   Second) <<

Input                                  : 1
Address computation                    : 0
Assembling the equation system         : 21
Solving the equation system            : 6
Post processing                        : 4
The whole job                          : 32

End time: 3/3/2025 12:26:2
